<?xml version="1.0" encoding="UTF-8"?>
<!-- Generated by org.testng.reporters.JUnitReportReporter -->
<testsuite skipped="3" hostname="LAPTOP-E765NF1G" name="com.crm.qa.TestCases.ContactsPageTest" tests="5" failures="0" timestamp="04 Jul 2018 13:22:17 GMT" time="50.478" errors="0">
  <testcase name="ValidateCreateNewContactTest" time="27.185" classname="com.crm.qa.TestCases.ContactsPageTest"/>
  <testcase name="ValidateCreateNewContactTest" time="23.293" classname="com.crm.qa.TestCases.ContactsPageTest"/>
  <testcase name="VerifySelectAllContactsTest" classname="com.crm.qa.TestCases.ContactsPageTest">
    <skipped/>
  </testcase> <!-- VerifySelectAllContactsTest -->
  <testcase name="VerifySelectContactByNameTest" classname="com.crm.qa.TestCases.ContactsPageTest">
    <skipped/>
  </testcase> <!-- VerifySelectContactByNameTest -->
  <testcase name="VerifyContactsPageTest" classname="com.crm.qa.TestCases.ContactsPageTest">
    <skipped/>
  </testcase> <!-- VerifyContactsPageTest -->
</testsuite> <!-- com.crm.qa.TestCases.ContactsPageTest -->
