<?xml version="1.0" encoding="UTF-8"?>
<!-- Generated by org.testng.reporters.JUnitReportReporter -->
<testsuite skipped="8" hostname="LAPTOP-E765NF1G" name="com.crm.qa.TestCases.LoginPageTest" tests="9" failures="0" timestamp="04 Jul 2018 13:22:17 GMT" time="21.037" errors="0">
  <testcase name="VerifyContactLnkTest" time="21.037" classname="com.crm.qa.TestCases.LoginPageTest"/>
  <testcase name="VerifyForgotPasswordLnkTest" classname="com.crm.qa.TestCases.LoginPageTest">
    <skipped/>
  </testcase> <!-- VerifyForgotPasswordLnkTest -->
  <testcase name="VerifyPageScrollTest" classname="com.crm.qa.TestCases.LoginPageTest">
    <skipped/>
  </testcase> <!-- VerifyPageScrollTest -->
  <testcase name="VerifySendAMessageTest" classname="com.crm.qa.TestCases.LoginPageTest">
    <skipped/>
  </testcase> <!-- VerifySendAMessageTest -->
  <testcase name="loginPageTitleTest" classname="com.crm.qa.TestCases.LoginPageTest">
    <skipped/>
  </testcase> <!-- loginPageTitleTest -->
  <testcase name="loginTest" classname="com.crm.qa.TestCases.LoginPageTest">
    <skipped/>
  </testcase> <!-- loginTest -->
  <testcase name="VerifyPricingLnkTest" classname="com.crm.qa.TestCases.LoginPageTest">
    <skipped/>
  </testcase> <!-- VerifyPricingLnkTest -->
  <testcase name="VerifyFeaturesLnkTest" classname="com.crm.qa.TestCases.LoginPageTest">
    <skipped/>
  </testcase> <!-- VerifyFeaturesLnkTest -->
  <testcase name="crmlogoTest" classname="com.crm.qa.TestCases.LoginPageTest">
    <skipped/>
  </testcase> <!-- crmlogoTest -->
</testsuite> <!-- com.crm.qa.TestCases.LoginPageTest -->
