<?xml version="1.0" encoding="UTF-8"?>
<!-- Generated by org.testng.reporters.JUnitReportReporter -->
<testsuite skipped="0" hostname="LAPTOP-E765NF1G" name="com.crm.qa.TestCases.HelpPageTest" tests="3" failures="0" timestamp="04 Jul 2018 13:22:17 GMT" time="69.141" errors="0">
  <testcase name="verifyHelpPageHeadingTest" time="25.433" classname="com.crm.qa.TestCases.HelpPageTest"/>
  <testcase name="VerifyStarthereLnkTest" time="19.263" classname="com.crm.qa.TestCases.HelpPageTest"/>
  <testcase name="verifyAdvancedTopicsLnkTest" time="24.445" classname="com.crm.qa.TestCases.HelpPageTest"/>
</testsuite> <!-- com.crm.qa.TestCases.HelpPageTest -->
